<?xml version="1.0" encoding="UTF-8"?>
<testng-results ignored="0" total="1" passed="1" failed="0" skipped="0">
  <reporter-output>
  </reporter-output>
  <suite started-at="2023-01-09T13:26:23 IST" name="Default suite" finished-at="2023-01-09T13:26:33 IST" duration-ms="10258">
    <groups>
    </groups>
    <test started-at="2023-01-09T13:26:23 IST" name="Default test" finished-at="2023-01-09T13:26:33 IST" duration-ms="10258">
      <class name="Com.Guru99.TestCases.EditCustomerTest">
        <test-method is-config="true" signature="initialization()[pri:0, instance:Com.Guru99.TestCases.EditCustomerTest@402bba4f]" started-at="2023-01-09T13:26:23 IST" name="initialization" finished-at="2023-01-09T13:26:30 IST" duration-ms="6946" status="PASS">
          <reporter-output>
          </reporter-output>
        </test-method> <!-- initialization -->
        <test-method signature="AddnewCutomer()[pri:0, instance:Com.Guru99.TestCases.EditCustomerTest@402bba4f]" started-at="2023-01-09T13:26:30 IST" name="AddnewCutomer" finished-at="2023-01-09T13:26:30 IST" duration-ms="7" status="PASS">
          <reporter-output>
          </reporter-output>
        </test-method> <!-- AddnewCutomer -->
        <test-method is-config="true" signature="tearDown()[pri:0, instance:Com.Guru99.TestCases.EditCustomerTest@402bba4f]" started-at="2023-01-09T13:26:30 IST" name="tearDown" finished-at="2023-01-09T13:26:33 IST" duration-ms="3259" status="PASS">
          <reporter-output>
          </reporter-output>
        </test-method> <!-- tearDown -->
      </class> <!-- Com.Guru99.TestCases.EditCustomerTest -->
    </test> <!-- Default test -->
  </suite> <!-- Default suite -->
</testng-results>
